Source.obj : error LNK2019: unresolved external symbol _gladLoadGLLoader referenced in function _main
Source.obj : error LNK2019: unresolved external symbol _glfwInit referenced in function _main
Source.obj : error LNK2019: unresolved external symbol _glfwTerminate referenced in function _main
Source.obj : error LNK2019: unresolved external symbol _glfwWindowHint referenced in function _main
Source.obj : error LNK2019: unresolved external symbol _glfwCreateWindow referenced in function _main
Source.obj : error LNK2019: unresolved external symbol _glfwWindowShouldClose referenced in function _main
Source.obj : error LNK2019: unresolved external symbol _glfwSetWindowShouldClose referenced in function "void __cdecl processInput(struct GLFWwindow *)" (?processInput@@YAXPAUGLFWwindow@@@Z)
Source.obj : error LNK2019: unresolved external symbol _glfwSetFramebufferSizeCallback referenced in function _main
Source.obj : error LNK2019: unresolved external symbol _glfwPollEvents referenced in function _main
Source.obj : error LNK2019: unresolved external symbol _glfwGetKey referenced in function "void __cdecl processInput(struct GLFWwindow *)" (?processInput@@YAXPAUGLFWwindow@@@Z)
Source.obj : error LNK2019: unresolved external symbol _glfwMakeContextCurrent referenced in function _main
Source.obj : error LNK2019: unresolved external symbol _glfwSwapBuffers referenced in function _main
Source.obj : error LNK2019: unresolved external symbol _glfwGetProcAddress referenced in function _main
Source.obj : error LNK2001: unresolved external symbol _glad_glClear
Source.obj : error LNK2001: unresolved external symbol _glad_glClearColor
Source.obj : error LNK2001: unresolved external symbol _glad_glViewport
Source.obj : error LNK2001: unresolved external symbol _glad_glDrawArrays
Source.obj : error LNK2001: unresolved external symbol _glad_glBindBuffer
Source.obj : error LNK2001: unresolved external symbol _glad_glDeleteBuffers
Source.obj : error LNK2001: unresolved external symbol _glad_glGenBuffers
Source.obj : error LNK2001: unresolved external symbol _glad_glBufferData
Source.obj : error LNK2001: unresolved external symbol _glad_glAttachShader
Source.obj : error LNK2001: unresolved external symbol _glad_glCompileShader
Source.obj : error LNK2001: unresolved external symbol _glad_glCreateProgram
Source.obj : error LNK2001: unresolved external symbol _glad_glCreateShader
Source.obj : error LNK2001: unresolved external symbol _glad_glDeleteProgram
Source.obj : error LNK2001: unresolved external symbol _glad_glDeleteShader
Source.obj : error LNK2001: unresolved external symbol _glad_glEnableVertexAttribArray
Source.obj : error LNK2001: unresolved external symbol _glad_glGetProgramiv
Source.obj : error LNK2001: unresolved external symbol _glad_glGetProgramInfoLog
Source.obj : error LNK2001: unresolved external symbol _glad_glGetShaderiv
Source.obj : error LNK2001: unresolved external symbol _glad_glGetShaderInfoLog
Source.obj : error LNK2001: unresolved external symbol _glad_glLinkProgram
Source.obj : error LNK2001: unresolved external symbol _glad_glShaderSource
Source.obj : error LNK2001: unresolved external symbol _glad_glUseProgram
Source.obj : error LNK2001: unresolved external symbol _glad_glVertexAttribPointer
Source.obj : error LNK2001: unresolved external symbol _glad_glBindVertexArray
Source.obj : error LNK2001: unresolved external symbol _glad_glDeleteVertexArrays
Source.obj : error LNK2001: unresolved external symbol _glad_glGenVertexArrays
C:\Users\12634\Documents\source\CGSOURSE\lib\glfw3.lib : warning LNK4272: library machine type 'x64' conflicts with target machine type 'x86'
C:\Users\12634\Documents\source\CGSOURSE\lib\glfw3dll.lib : warning LNK4272: library machine type 'x64' conflicts with target machine type 'x86'
C:\Users\12634\Documents\code\code\computer_graphic\lab\lab0\Project1\Debug\Project1.exe : fatal error LNK1120: 39 unresolved externals
